<?xml version="1.0" encoding="UTF-8"?>
<!-- Generated by org.testng.reporters.JUnitXMLReporter -->
<testsuite ignored="0" hostname="Roshan99" failures="0" tests="4" name="Default test" time="0.096" errors="0" timestamp="2024-02-27T11:39:34 IST">
  <testcase classname="TestingNG.Annotations" name="testcase1" time="0.008"/>
  <testcase classname="TestingNG.Annotations" name="testcase2" time="0.005"/>
  <testcase classname="TestingNG.Annotations" name="testcase3" time="0.001"/>
  <testcase classname="TestingNG.Annotations" name="testcase4" time="0.001"/>
</testsuite> <!-- Default test -->
