<?xml version="1.0" encoding="UTF-8"?>
<!-- Generated by org.testng.reporters.JUnitXMLReporter -->
<testsuite ignored="0" hostname="Roshan99" failures="0" tests="3" name="Test" time="11.676" errors="0" timestamp="2024-02-28T15:30:36 IST">
  <testcase classname="TestingNG.InvokeChromeBrowser" name="invokechrome" time="3.448"/>
  <testcase classname="TestingNG.InvokeEdgeBrowser" name="invokeEdge" time="2.835"/>
  <testcase classname="TestingNG.Firefox" name="invokefirefox" time="5.328"/>
</testsuite> <!-- Test -->
