<?xml version="1.0" encoding="UTF-8"?>
<!-- Generated by org.testng.reporters.JUnitXMLReporter -->
<testsuite ignored="0" hostname="Roshan99" failures="0" tests="4" name="Test" time="17.229" errors="0" timestamp="2024-02-28T15:21:52 IST">
  <testcase classname="TestingNG.InvokeChromeBrowser" name="invokechrome" time="3.294"/>
  <testcase classname="TestingNG.InvokeEdgeBrowser" name="invokeEdge" time="4.056"/>
  <testcase classname="TestingNG.ListenerTestClass" name="invokechrome" time="1.966"/>
  <testcase classname="TestingNG.Firefox" name="invokefirefox" time="7.851"/>
</testsuite> <!-- Test -->
