<?xml version="1.0" encoding="UTF-8"?>
<testng-results ignored="0" total="4" passed="4" failed="0" skipped="0">
  <reporter-output>
  </reporter-output>
  <suite started-at="2024-02-28T15:21:35 IST" name="Suite" finished-at="2024-02-28T15:21:52 IST" duration-ms="17229">
    <groups>
    </groups>
    <test started-at="2024-02-28T15:21:35 IST" name="Test" finished-at="2024-02-28T15:21:52 IST" duration-ms="17229">
      <class name="TestingNG.InvokeEdgeBrowser">
        <test-method signature="invokeEdge()[pri:0, instance:TestingNG.InvokeEdgeBrowser@43301423]" started-at="2024-02-28T15:21:38 IST" name="invokeEdge" finished-at="2024-02-28T15:21:42 IST" duration-ms="4056" status="PASS">
          <reporter-output>
          </reporter-output>
        </test-method> <!-- invokeEdge -->
      </class> <!-- TestingNG.InvokeEdgeBrowser -->
      <class name="TestingNG.Firefox">
        <test-method signature="invokefirefox()[pri:0, instance:TestingNG.Firefox@1a04f701]" started-at="2024-02-28T15:21:44 IST" name="invokefirefox" finished-at="2024-02-28T15:21:52 IST" duration-ms="7851" status="PASS">
          <reporter-output>
          </reporter-output>
        </test-method> <!-- invokefirefox -->
      </class> <!-- TestingNG.Firefox -->
      <class name="TestingNG.InvokeChromeBrowser">
        <test-method signature="invokechrome()[pri:0, instance:TestingNG.InvokeChromeBrowser@18ce0030]" started-at="2024-02-28T15:21:35 IST" name="invokechrome" finished-at="2024-02-28T15:21:38 IST" duration-ms="3294" status="PASS">
          <reporter-output>
          </reporter-output>
        </test-method> <!-- invokechrome -->
      </class> <!-- TestingNG.InvokeChromeBrowser -->
      <class name="TestingNG.ListenerTestClass">
        <test-method signature="invokechrome()[pri:0, instance:TestingNG.ListenerTestClass@2f112965]" started-at="2024-02-28T15:21:42 IST" name="invokechrome" finished-at="2024-02-28T15:21:44 IST" duration-ms="1966" status="PASS">
          <reporter-output>
          </reporter-output>
        </test-method> <!-- invokechrome -->
      </class> <!-- TestingNG.ListenerTestClass -->
    </test> <!-- Test -->
  </suite> <!-- Suite -->
</testng-results>
