<?xml version="1.0" encoding="UTF-8"?>
<testng-results ignored="0" total="1" passed="1" failed="0" skipped="0">
  <reporter-output>
  </reporter-output>
  <suite started-at="2024-02-28T15:05:56 IST" name="Default suite" finished-at="2024-02-28T15:06:00 IST" duration-ms="3881">
    <groups>
    </groups>
    <test started-at="2024-02-28T15:05:56 IST" name="Default test" finished-at="2024-02-28T15:06:00 IST" duration-ms="3881">
      <class name="TestingNG.InvokeChromeBrowser">
        <test-method signature="invokechrome()[pri:0, instance:TestingNG.InvokeChromeBrowser@5876a9af]" started-at="2024-02-28T15:05:56 IST" name="invokechrome" finished-at="2024-02-28T15:06:00 IST" duration-ms="3814" status="PASS">
          <reporter-output>
          </reporter-output>
        </test-method> <!-- invokechrome -->
      </class> <!-- TestingNG.InvokeChromeBrowser -->
    </test> <!-- Default test -->
  </suite> <!-- Default suite -->
</testng-results>
