<?xml version="1.0" encoding="UTF-8"?>
<testng-results ignored="0" total="3" passed="3" failed="0" skipped="0">
  <reporter-output>
  </reporter-output>
  <suite started-at="2024-02-28T15:30:24 IST" name="Suite" finished-at="2024-02-28T15:30:36 IST" duration-ms="11676">
    <groups>
    </groups>
    <test started-at="2024-02-28T15:30:24 IST" name="Test" finished-at="2024-02-28T15:30:36 IST" duration-ms="11676">
      <class name="TestingNG.InvokeEdgeBrowser">
        <test-method signature="invokeEdge()[pri:0, instance:TestingNG.InvokeEdgeBrowser@5c5eefef]" started-at="2024-02-28T15:30:28 IST" name="invokeEdge" finished-at="2024-02-28T15:30:30 IST" duration-ms="2835" status="PASS">
          <reporter-output>
          </reporter-output>
        </test-method> <!-- invokeEdge -->
      </class> <!-- TestingNG.InvokeEdgeBrowser -->
      <class name="TestingNG.Firefox">
        <test-method signature="invokefirefox()[pri:0, instance:TestingNG.Firefox@16293aa2]" started-at="2024-02-28T15:30:30 IST" name="invokefirefox" finished-at="2024-02-28T15:30:36 IST" duration-ms="5328" status="PASS">
          <reporter-output>
          </reporter-output>
        </test-method> <!-- invokefirefox -->
      </class> <!-- TestingNG.Firefox -->
      <class name="TestingNG.InvokeChromeBrowser">
        <test-method signature="invokechrome()[pri:0, instance:TestingNG.InvokeChromeBrowser@6b81ce95]" started-at="2024-02-28T15:30:24 IST" name="invokechrome" finished-at="2024-02-28T15:30:28 IST" duration-ms="3448" status="PASS">
          <reporter-output>
          </reporter-output>
        </test-method> <!-- invokechrome -->
      </class> <!-- TestingNG.InvokeChromeBrowser -->
    </test> <!-- Test -->
  </suite> <!-- Suite -->
</testng-results>
